<?xml version="1.0" encoding="UTF-8"?>
<testng-results skipped="0" failed="2" ignored="0" total="2" passed="0">
  <reporter-output>
  </reporter-output>
  <suite name="Default suite" duration-ms="105409" started-at="2020-12-09T05:37:45Z" finished-at="2020-12-09T05:39:31Z">
    <groups>
    </groups>
    <test name="Default test" duration-ms="105409" started-at="2020-12-09T05:37:45Z" finished-at="2020-12-09T05:39:31Z">
      <class name="Telliant_timesheet.app.LoginTest">
        <test-method status="PASS" signature="initialize()[pri:0, instance:Telliant_timesheet.app.LoginTest@47d9a273]" name="initialize" is-config="true" duration-ms="102856" started-at="2020-12-09T05:37:45Z" finished-at="2020-12-09T05:39:28Z">
          <reporter-output>
          </reporter-output>
        </test-method> <!-- initialize -->
        <test-method status="PASS" signature="f()[pri:0, instance:Telliant_timesheet.app.LoginTest@47d9a273]" name="f" is-config="true" duration-ms="466" started-at="2020-12-09T05:39:28Z" finished-at="2020-12-09T05:39:29Z">
          <reporter-output>
          </reporter-output>
        </test-method> <!-- f -->
        <test-method status="FAIL" signature="login()[pri:1, instance:Telliant_timesheet.app.LoginTest@47d9a273]" name="login" duration-ms="1527" started-at="2020-12-09T05:39:29Z" description="LoginTimesheet" finished-at="2020-12-09T05:39:30Z">
          <exception class="java.lang.NoSuchMethodError">
            <message>
              <![CDATA[testlink.api.java.client.TestLinkAPIClient.reportTestCaseResult(Ljava/lang/String;Ljava/lang/String;Ljava/lang/String;Ljava/lang/String;Ljava/lang/String;Ljava/lang/String;Ljava/lang/String;)Ltestlink/api/java/client/TestLinkAPIResults;]]>
            </message>
            <full-stacktrace>
              <![CDATA[java.lang.NoSuchMethodError: testlink.api.java.client.TestLinkAPIClient.reportTestCaseResult(Ljava/lang/String;Ljava/lang/String;Ljava/lang/String;Ljava/lang/String;Ljava/lang/String;Ljava/lang/String;Ljava/lang/String;)Ltestlink/api/java/client/TestLinkAPIResults;
at testlink.TestLinkIntegration.updateResults(TestLinkIntegration.java:10)
at Telliant_timesheet.app.LoginTest.login(LoginTest.java:43)
at sun.reflect.NativeMethodAccessorImpl.invoke0(Native Method)
at sun.reflect.NativeMethodAccessorImpl.invoke(NativeMethodAccessorImpl.java:62)
at sun.reflect.DelegatingMethodAccessorImpl.invoke(DelegatingMethodAccessorImpl.java:43)
at java.lang.reflect.Method.invoke(Method.java:498)
at org.testng.internal.MethodInvocationHelper.invokeMethod(MethodInvocationHelper.java:124)
at org.testng.internal.Invoker.invokeMethod(Invoker.java:583)
at org.testng.internal.Invoker.invokeTestMethod(Invoker.java:719)
at org.testng.internal.Invoker.invokeTestMethods(Invoker.java:989)
at org.testng.internal.TestMethodWorker.invokeTestMethods(TestMethodWorker.java:125)
at org.testng.internal.TestMethodWorker.run(TestMethodWorker.java:109)
at org.testng.TestRunner.privateRun(TestRunner.java:648)
at org.testng.TestRunner.run(TestRunner.java:505)
at org.testng.SuiteRunner.runTest(SuiteRunner.java:455)
at org.testng.SuiteRunner.runSequentially(SuiteRunner.java:450)
at org.testng.SuiteRunner.privateRun(SuiteRunner.java:415)
at org.testng.SuiteRunner.run(SuiteRunner.java:364)
at org.testng.SuiteRunnerWorker.runSuite(SuiteRunnerWorker.java:52)
at org.testng.SuiteRunnerWorker.run(SuiteRunnerWorker.java:84)
at org.testng.TestNG.runSuitesSequentially(TestNG.java:1208)
at org.testng.TestNG.runSuitesLocally(TestNG.java:1137)
at org.testng.TestNG.runSuites(TestNG.java:1049)
at org.testng.TestNG.run(TestNG.java:1017)
at org.testng.remote.AbstractRemoteTestNG.run(AbstractRemoteTestNG.java:115)
at org.testng.remote.RemoteTestNG.initAndRun(RemoteTestNG.java:251)
at org.testng.remote.RemoteTestNG.main(RemoteTestNG.java:77)
]]>
            </full-stacktrace>
          </exception> <!-- java.lang.NoSuchMethodError -->
          <reporter-output>
          </reporter-output>
        </test-method> <!-- login -->
        <test-method status="FAIL" signature="viewtimesheet()[pri:2, instance:Telliant_timesheet.app.LoginTest@47d9a273]" name="viewtimesheet" duration-ms="506" started-at="2020-12-09T05:39:30Z" description="ViewTimesheet" finished-at="2020-12-09T05:39:31Z">
          <exception class="java.lang.NoSuchMethodError">
            <message>
              <![CDATA[testlink.api.java.client.TestLinkAPIClient.reportTestCaseResult(Ljava/lang/String;Ljava/lang/String;Ljava/lang/String;Ljava/lang/String;Ljava/lang/String;Ljava/lang/String;Ljava/lang/String;)Ltestlink/api/java/client/TestLinkAPIResults;]]>
            </message>
            <full-stacktrace>
              <![CDATA[java.lang.NoSuchMethodError: testlink.api.java.client.TestLinkAPIClient.reportTestCaseResult(Ljava/lang/String;Ljava/lang/String;Ljava/lang/String;Ljava/lang/String;Ljava/lang/String;Ljava/lang/String;Ljava/lang/String;)Ltestlink/api/java/client/TestLinkAPIResults;
at testlink.TestLinkIntegration.updateResults(TestLinkIntegration.java:10)
at Telliant_timesheet.app.LoginTest.viewtimesheet(LoginTest.java:59)
at sun.reflect.NativeMethodAccessorImpl.invoke0(Native Method)
at sun.reflect.NativeMethodAccessorImpl.invoke(NativeMethodAccessorImpl.java:62)
at sun.reflect.DelegatingMethodAccessorImpl.invoke(DelegatingMethodAccessorImpl.java:43)
at java.lang.reflect.Method.invoke(Method.java:498)
at org.testng.internal.MethodInvocationHelper.invokeMethod(MethodInvocationHelper.java:124)
at org.testng.internal.Invoker.invokeMethod(Invoker.java:583)
at org.testng.internal.Invoker.invokeTestMethod(Invoker.java:719)
at org.testng.internal.Invoker.invokeTestMethods(Invoker.java:989)
at org.testng.internal.TestMethodWorker.invokeTestMethods(TestMethodWorker.java:125)
at org.testng.internal.TestMethodWorker.run(TestMethodWorker.java:109)
at org.testng.TestRunner.privateRun(TestRunner.java:648)
at org.testng.TestRunner.run(TestRunner.java:505)
at org.testng.SuiteRunner.runTest(SuiteRunner.java:455)
at org.testng.SuiteRunner.runSequentially(SuiteRunner.java:450)
at org.testng.SuiteRunner.privateRun(SuiteRunner.java:415)
at org.testng.SuiteRunner.run(SuiteRunner.java:364)
at org.testng.SuiteRunnerWorker.runSuite(SuiteRunnerWorker.java:52)
at org.testng.SuiteRunnerWorker.run(SuiteRunnerWorker.java:84)
at org.testng.TestNG.runSuitesSequentially(TestNG.java:1208)
at org.testng.TestNG.runSuitesLocally(TestNG.java:1137)
at org.testng.TestNG.runSuites(TestNG.java:1049)
at org.testng.TestNG.run(TestNG.java:1017)
at org.testng.remote.AbstractRemoteTestNG.run(AbstractRemoteTestNG.java:115)
at org.testng.remote.RemoteTestNG.initAndRun(RemoteTestNG.java:251)
at org.testng.remote.RemoteTestNG.main(RemoteTestNG.java:77)
]]>
            </full-stacktrace>
          </exception> <!-- java.lang.NoSuchMethodError -->
          <reporter-output>
          </reporter-output>
        </test-method> <!-- viewtimesheet -->
        <test-method status="PASS" signature="TeardownTest()[pri:0, instance:Telliant_timesheet.app.LoginTest@47d9a273]" name="TeardownTest" is-config="true" duration-ms="1" started-at="2020-12-09T05:39:31Z" finished-at="2020-12-09T05:39:31Z">
          <reporter-output>
          </reporter-output>
        </test-method> <!-- TeardownTest -->
      </class> <!-- Telliant_timesheet.app.LoginTest -->
    </test> <!-- Default test -->
  </suite> <!-- Default suite -->
</testng-results>
